<?xml version="1.0" encoding="UTF-8"?>
<testng-results ignored="0" total="1" passed="1" failed="0" skipped="0">
  <reporter-output>
  </reporter-output>
  <suite started-at="2024-02-21T10:18:23 IST" name="Default suite" finished-at="2024-02-21T10:18:29 IST" duration-ms="6443">
    <groups>
    </groups>
    <test started-at="2024-02-21T10:18:23 IST" name="Default test" finished-at="2024-02-21T10:18:29 IST" duration-ms="6443">
      <class name="seleniumConcepts.DropDownValuesSort">
        <test-method signature="ddValuesSort()[pri:0, instance:seleniumConcepts.DropDownValuesSort@1b7cc17c]" started-at="2024-02-21T10:18:23 IST" name="ddValuesSort" finished-at="2024-02-21T10:18:29 IST" duration-ms="6387" status="PASS">
          <reporter-output>
          </reporter-output>
        </test-method> <!-- ddValuesSort -->
      </class> <!-- seleniumConcepts.DropDownValuesSort -->
    </test> <!-- Default test -->
  </suite> <!-- Default suite -->
</testng-results>
